[2021-01-15T01:00:09.354054+00:00] User.INFO: Information Zugriff auf die Hauptseite.  [] []
[2021-01-15T01:00:16.804400+00:00] User.INFO: Information Zugriff auf die Hauptseite.  [] []
[2021-01-15T01:00:34.000343+00:00] User.INFO: Information Anmeldung ["admin@emensa.example"] []
[2021-01-15T01:06:10.524119+00:00] User.INFO: Information Zugriff auf die Hauptseite.  [] []
[2021-01-15T01:06:15.834127+00:00] User.INFO: Information Anmeldung ["admin@emensa.example"] []
[2021-01-15T01:41:01.940327+00:00] User.INFO: Information Zugriff auf die Hauptseite.  [] []
[2021-01-15T01:41:11.563706+00:00] User.INFO: Information Anmeldung ["admin@emensa.example"] []
[2021-01-15T01:58:01.868667+00:00] User.INFO: Information Zugriff auf die Hauptseite.  [] []
[2021-01-15T01:58:09.861103+00:00] User.INFO: Information Anmeldung ["admin@emensa.example"] []
[2021-01-15T02:10:50.069447+00:00] User.INFO: Information Zugriff auf die Hauptseite.  [] []
[2021-01-15T02:10:54.357975+00:00] User.INFO: Information Anmeldung ["admin@emensa.example"] []
[2021-01-15T02:11:32.950003+00:00] User.INFO: Information Zugriff auf die Hauptseite.  [] []
[2021-01-15T02:11:41.244831+00:00] User.INFO: Information Anmeldung ["admin@emensa.example"] []
[2021-01-15T02:17:35.206916+00:00] User.INFO: Information Zugriff auf die Hauptseite.  [] []
[2021-01-15T02:17:42.871015+00:00] User.INFO: Information Anmeldung ["admin@emensa.example"] []
[2021-01-15T02:17:46.483431+00:00] User.INFO: Information abmeldung ["admin@emensa.example"] []
[2021-01-15T02:17:46.548700+00:00] User.INFO: Information Zugriff auf die Hauptseite.  [] []
[2021-01-15T02:17:50.169948+00:00] User.INFO: Information Anmeldung ["admin@emensa.example"] []
[2021-01-15T02:18:22.336216+00:00] User.INFO: Information Zugriff auf die Hauptseite.  [] []
[2021-01-15T02:18:26.591507+00:00] User.INFO: Information Anmeldung ["admin@emensa.example"] []
[2021-01-15T02:24:37.611301+00:00] User.INFO: Information Zugriff auf die Hauptseite.  [] []
[2021-01-15T02:24:42.369821+00:00] User.INFO: Information Anmeldung ["admin@emensa.example"] []
[2021-01-15T02:26:33.668063+00:00] User.INFO: Information Zugriff auf die Hauptseite.  [] []
[2021-01-15T02:26:36.647358+00:00] User.INFO: Information Anmeldung ["admin@emensa.example"] []
[2021-01-15T02:30:22.438834+00:00] User.INFO: Information Zugriff auf die Hauptseite.  [] []
[2021-01-15T02:30:29.611024+00:00] User.INFO: Information Anmeldung ["admin@emensa.example"] []
[2021-01-15T02:39:22.753894+00:00] User.INFO: Information Zugriff auf die Hauptseite.  [] []
[2021-01-15T02:39:30.170177+00:00] User.INFO: Information Anmeldung ["admin@emensa.example"] []
[2021-01-15T02:40:05.415709+00:00] User.INFO: Information Zugriff auf die Hauptseite.  [] []
[2021-01-15T02:40:09.242620+00:00] User.INFO: Information Anmeldung ["admin@emensa.example"] []
[2021-01-15T02:42:50.004021+00:00] User.INFO: Information Zugriff auf die Hauptseite.  [] []
[2021-01-15T02:42:55.849420+00:00] User.INFO: Information Anmeldung ["admin@emensa.example"] []
[2021-01-15T02:44:53.126987+00:00] User.INFO: Information Zugriff auf die Hauptseite.  [] []
[2021-01-15T02:44:56.575230+00:00] User.INFO: Information Anmeldung ["admin@emensa.example"] []
[2021-01-15T02:50:15.815785+00:00] User.INFO: Information Zugriff auf die Hauptseite.  [] []
[2021-01-15T02:50:19.792773+00:00] User.INFO: Information Anmeldung ["admin@emensa.example"] []
[2021-01-15T02:53:07.058394+00:00] User.INFO: Information Zugriff auf die Hauptseite.  [] []
[2021-01-15T02:53:11.832055+00:00] User.INFO: Information Anmeldung ["admin@emensa.example"] []
[2021-01-15T02:56:07.875031+00:00] User.INFO: Information Zugriff auf die Hauptseite.  [] []
[2021-01-15T02:56:11.186384+00:00] User.INFO: Information Anmeldung ["admin@emensa.example"] []
[2021-01-15T03:01:02.488674+00:00] User.INFO: Information Zugriff auf die Hauptseite.  [] []
[2021-01-15T03:01:06.685006+00:00] User.INFO: Information Anmeldung ["admin@emensa.example"] []
[2021-01-15T03:02:00.027321+00:00] User.INFO: Information Zugriff auf die Hauptseite.  [] []
[2021-01-15T03:02:04.596086+00:00] User.INFO: Information Anmeldung ["admin@emensa.example"] []
[2021-01-15T03:02:58.112710+00:00] User.INFO: Information Zugriff auf die Hauptseite.  [] []
[2021-01-15T03:03:06.540516+00:00] User.INFO: Information Anmeldung ["admin@emensa.example"] []
[2021-01-15T03:04:55.845219+00:00] User.INFO: Information Zugriff auf die Hauptseite.  [] []
[2021-01-15T03:04:59.964121+00:00] User.INFO: Information Anmeldung ["admin@emensa.example"] []
[2021-01-15T03:07:51.792962+00:00] User.INFO: Information Zugriff auf die Hauptseite.  [] []
[2021-01-15T03:07:58.005208+00:00] User.INFO: Information Anmeldung ["admin@emensa.example"] []
[2021-01-15T03:11:46.206533+00:00] User.INFO: Information Zugriff auf die Hauptseite.  [] []
[2021-01-15T03:11:50.051571+00:00] User.INFO: Information Anmeldung ["admin@emensa.example"] []
[2021-01-15T18:03:16.596131+00:00] User.INFO: Information Zugriff auf die Hauptseite.  [] []
[2021-01-15T18:06:24.680883+00:00] User.INFO: Information Zugriff auf die Hauptseite.  [] []
[2021-01-15T18:56:51.999303+00:00] User.INFO: Information Zugriff auf die Hauptseite.  [] []
[2021-01-15T19:03:43.143442+00:00] User.INFO: Information Zugriff auf die Hauptseite.  [] []
[2021-01-15T19:10:40.009705+00:00] User.INFO: Information Zugriff auf die Hauptseite.  [] []
[2021-01-15T19:25:15.657598+00:00] User.INFO: Information Zugriff auf die Hauptseite.  [] []
[2021-01-15T19:38:24.535413+00:00] User.INFO: Information Zugriff auf die Hauptseite.  [] []
[2021-01-15T19:40:11.340490+00:00] User.INFO: Information Zugriff auf die Hauptseite.  [] []
[2021-01-15T19:46:09.648914+00:00] User.INFO: Information Zugriff auf die Hauptseite.  [] []
[2021-01-15T19:47:12.943630+00:00] User.INFO: Information Zugriff auf die Hauptseite.  [] []
[2021-01-15T19:51:49.034792+00:00] User.INFO: Information Zugriff auf die Hauptseite.  [] []
[2021-01-15T19:56:50.616506+00:00] User.INFO: Information Zugriff auf die Hauptseite.  [] []
[2021-01-15T20:04:36.739253+00:00] User.INFO: Information Zugriff auf die Hauptseite.  [] []
[2021-01-15T20:24:21.765519+00:00] User.INFO: Information Zugriff auf die Hauptseite.  [] []
[2021-01-15T20:25:16.576403+00:00] User.INFO: Information Zugriff auf die Hauptseite.  [] []
[2021-01-15T20:25:25.427377+00:00] User.INFO: Information Zugriff auf die Hauptseite.  [] []
[2021-01-15T20:25:40.284623+00:00] User.INFO: Information Zugriff auf die Hauptseite.  [] []
[2021-01-15T20:30:29.064147+00:00] User.INFO: Information Zugriff auf die Hauptseite.  [] []
[2021-01-15T20:30:31.363420+00:00] User.INFO: Information Zugriff auf die Hauptseite.  [] []
[2021-01-15T20:33:20.850999+00:00] User.INFO: Information Zugriff auf die Hauptseite.  [] []
[2021-01-15T20:37:07.692514+00:00] User.INFO: Information Zugriff auf die Hauptseite.  [] []
[2021-01-15T20:38:03.700737+00:00] User.INFO: Information Zugriff auf die Hauptseite.  [] []
[2021-01-15T20:40:24.723387+00:00] User.INFO: Information Anmeldung ["admin@emensa.example"] []
[2021-01-15T22:55:10.364789+00:00] User.INFO: Information Zugriff auf die Hauptseite.  [] []
[2021-01-15T22:55:48.518313+00:00] User.INFO: Information Anmeldung ["admin@emensa.example"] []
[2021-01-15T23:26:17.067027+00:00] User.INFO: Information Zugriff auf die Hauptseite.  [] []
[2021-01-15T23:26:39.679707+00:00] User.INFO: Information Zugriff auf die Hauptseite.  [] []
[2021-01-15T23:27:46.663782+00:00] User.INFO: Information Anmeldung ["admin@emensa.example"] []
[2021-01-15T23:46:53.296734+00:00] User.INFO: Information Zugriff auf die Hauptseite.  [] []
[2021-01-16T17:05:15.250862+00:00] User.INFO: Information Zugriff auf die Hauptseite.  [] []
[2021-01-16T17:06:06.044572+00:00] User.INFO: Information Zugriff auf die Hauptseite.  [] []
[2021-01-16T17:06:36.378381+00:00] User.INFO: Information Anmeldung ["admin@emensa.example"] []
[2021-01-16T17:57:13.489804+00:00] User.INFO: Information Zugriff auf die Hauptseite.  [] []
[2021-01-16T17:57:40.843709+00:00] User.INFO: Information Anmeldung ["admin@emensa.example"] []
[2021-01-17T12:35:02.523979+00:00] User.INFO: Information Zugriff auf die Hauptseite.  [] []
[2021-01-17T12:35:03.348131+00:00] User.INFO: Information Zugriff auf die Hauptseite.  [] []
[2021-01-17T12:35:47.560347+00:00] User.INFO: Information Anmeldung ["admin@emensa.example"] []
[2021-01-17T12:46:24.487814+00:00] User.INFO: Information Zugriff auf die Hauptseite.  [] []
[2021-01-17T12:46:27.236280+00:00] User.INFO: Information Zugriff auf die Hauptseite.  [] []
[2021-01-17T12:47:37.293153+00:00] User.INFO: Information Zugriff auf die Hauptseite.  [] []
[2021-01-17T12:48:32.811618+00:00] User.INFO: Information Zugriff auf die Hauptseite.  [] []
[2021-01-17T12:49:03.470803+00:00] User.INFO: Information Zugriff auf die Hauptseite.  [] []
[2021-01-17T12:51:43.904590+00:00] User.INFO: Information Anmeldung ["admin@emensa.example"] []
[2021-01-17T12:58:02.924207+00:00] User.INFO: Information abmeldung ["admin@emensa.example"] []
[2021-01-17T12:58:03.072746+00:00] User.INFO: Information Zugriff auf die Hauptseite.  [] []
[2021-01-17T12:58:41.992303+00:00] User.INFO: Information Anmeldung ["user@emensa.example"] []
[2021-01-17T16:04:51.421333+00:00] User.INFO: Information Zugriff auf die Hauptseite.  [] []
[2021-01-17T16:05:22.032497+00:00] User.INFO: Information Zugriff auf die Hauptseite.  [] []
[2021-01-17T16:06:10.296201+00:00] User.INFO: Information Anmeldung ["admin@emensa.example"] []
[2021-01-17T16:56:09.626152+00:00] User.INFO: Information Zugriff auf die Hauptseite.  [] []
[2021-01-17T16:59:06.169063+00:00] User.INFO: Information Anmeldung ["admin@emensa.example"] []
[2021-01-17T18:11:52.410431+00:00] User.INFO: Information Zugriff auf die Hauptseite.  [] []
[2021-01-17T18:18:02.629688+00:00] User.INFO: Information Zugriff auf die Hauptseite.  [] []
[2021-01-17T18:19:29.965563+00:00] User.INFO: Information Zugriff auf die Hauptseite.  [] []
[2021-01-17T19:05:52.293651+00:00] User.INFO: Information Zugriff auf die Hauptseite.  [] []
[2021-01-17T19:05:56.982079+00:00] User.INFO: Information Zugriff auf die Hauptseite.  [] []
[2021-01-17T19:07:51.629999+00:00] User.INFO: Information Zugriff auf die Hauptseite.  [] []
[2021-01-17T19:08:24.526983+00:00] User.INFO: Information Anmeldung ["admin@emensa.example"] []
[2021-01-17T19:27:48.918770+00:00] User.INFO: Information Zugriff auf die Hauptseite.  [] []
[2021-01-17T19:28:14.308546+00:00] User.INFO: Information Anmeldung ["user@emensa.example"] []
[2021-01-17T19:29:53.316549+00:00] User.INFO: Information abmeldung ["user@emensa.example"] []
[2021-01-17T19:29:53.335862+00:00] User.INFO: Information Zugriff auf die Hauptseite.  [] []
[2021-01-17T19:32:33.784387+00:00] User.INFO: Information Zugriff auf die Hauptseite.  [] []
[2021-01-17T19:32:40.988268+00:00] User.INFO: Information Zugriff auf die Hauptseite.  [] []
[2021-01-17T19:33:04.919194+00:00] User.INFO: Information Anmeldung ["user@emensa.example"] []
[2021-01-17T20:03:08.082595+00:00] User.INFO: Information abmeldung ["user@emensa.example"] []
[2021-01-17T20:03:08.106788+00:00] User.INFO: Information Zugriff auf die Hauptseite.  [] []
[2021-01-17T20:03:24.046735+00:00] User.INFO: Information Anmeldung ["admin@emensa.example"] []
[2021-01-17T20:29:49.777873+00:00] User.INFO: Information Zugriff auf die Hauptseite.  [] []
[2021-01-17T20:44:03.164589+00:00] User.INFO: Information Zugriff auf die Hauptseite.  [] []
[2021-01-17T20:44:29.223671+00:00] User.INFO: Information Zugriff auf die Hauptseite.  [] []
[2021-01-17T20:45:05.288888+00:00] User.INFO: Information Anmeldung ["admin@emensa.example"] []
[2021-01-17T21:06:53.110784+00:00] User.INFO: Information abmeldung ["admin@emensa.example"] []
[2021-01-17T21:06:53.211103+00:00] User.INFO: Information Zugriff auf die Hauptseite.  [] []
[2021-01-17T21:07:17.220181+00:00] User.INFO: Information Anmeldung ["user@emensa.example"] []
[2021-01-17T22:25:04.971738+00:00] User.INFO: Information Zugriff auf die Hauptseite.  [] []
[2021-01-17T22:25:29.261642+00:00] User.INFO: Information Anmeldung ["admin@emensa.example"] []
[2021-01-17T22:46:27.268447+00:00] User.INFO: Information Zugriff auf die Hauptseite.  [] []
[2021-01-17T22:47:07.926452+00:00] User.INFO: Information Zugriff auf die Hauptseite.  [] []
[2021-01-17T22:47:51.756231+00:00] User.INFO: Information Zugriff auf die Hauptseite.  [] []
[2021-01-17T22:47:59.558385+00:00] User.INFO: Information Zugriff auf die Hauptseite.  [] []
[2021-01-17T22:48:22.227588+00:00] User.INFO: Information Zugriff auf die Hauptseite.  [] []
[2021-01-17T22:48:44.776897+00:00] User.INFO: Information Anmeldung ["user@emensa.example"] []
[2021-01-17T22:49:28.492157+00:00] User.INFO: Information abmeldung ["user@emensa.example"] []
[2021-01-17T22:49:28.567875+00:00] User.INFO: Information Zugriff auf die Hauptseite.  [] []
[2021-01-17T22:49:52.514286+00:00] User.INFO: Information Zugriff auf die Hauptseite.  [] []
[2021-01-17T22:50:16.568569+00:00] User.INFO: Information Anmeldung ["admin@emensa.example"] []
[2021-01-17T22:50:47.692716+00:00] User.INFO: Information Zugriff auf die Hauptseite.  [] []
[2021-01-17T22:51:05.741525+00:00] User.INFO: Information Zugriff auf die Hauptseite.  [] []
[2021-01-17T22:51:12.540381+00:00] User.INFO: Information Zugriff auf die Hauptseite.  [] []
[2021-01-17T23:02:11.541449+00:00] User.INFO: Information Zugriff auf die Hauptseite.  [] []
[2021-01-18T00:56:25.110162+00:00] User.INFO: Information Anmeldung ["admin@emensa.example"] []
[2021-01-18T00:57:23.892739+00:00] User.INFO: Information Zugriff auf die Hauptseite.  [] []
[2021-01-18T17:51:37.468781+00:00] User.INFO: Information Zugriff auf die Hauptseite.  [] []
[2021-01-18T17:51:43.438813+00:00] User.INFO: Information Zugriff auf die Hauptseite.  [] []
[2021-01-18T23:23:11.122545+00:00] User.INFO: Information Zugriff auf die Hauptseite.  [] []
[2021-01-18T23:27:01.841459+00:00] User.INFO: Information Zugriff auf die Hauptseite.  [] []
